# JRE version: Java(TM) SE Runtime Environment (8.0_151-b12) (build 1.8.0_151-b12)
# Java VM: Java HotSpot(TM) 64-Bit Server VM (25.151-b12 mixed mode windows-amd64 compressed oops)
Heap:
 PSYoungGen      total 432128K, used 304977K [0x000000076b000000, 0x000000078c400000, 0x00000007c0000000)
  eden space 409600K, 74% used [0x000000076b000000,0x000000077d9d4720,0x0000000784000000)
  from space 22528K, 0% used [0x0000000785c80000,0x0000000785c80000,0x0000000787280000)
  to   space 29184K, 0% used [0x0000000784000000,0x0000000784000000,0x0000000785c80000)
 ParOldGen       total 202752K, used 56800K [0x00000006c1000000, 0x00000006cd600000, 0x000000076b000000)
  object space 202752K, 28% used [0x00000006c1000000,0x00000006c4778360,0x00000006cd600000)
 Metaspace       used 77400K, capacity 80736K, committed 81024K, reserved 1120256K
  class space    used 10451K, capacity 11042K, committed 11136K, reserved 1048576K
GC Heap History (10 events):
Event: 24.187 GC heap before
{Heap before GC invocations=9 (full 2):
 PSYoungGen      total 286208K, used 13498K [0x000000076b000000, 0x0000000787880000, 0x00000007c0000000)
  eden space 262144K, 0% used [0x000000076b000000,0x000000076b000000,0x000000077b000000)
  from space 24064K, 56% used [0x000000077b000000,0x000000077bd2e900,0x000000077c780000)
  to   space 23552K, 0% used [0x0000000786180000,0x0000000786180000,0x0000000787880000)
 ParOldGen       total 135680K, used 33501K [0x00000006c1000000, 0x00000006c9480000, 0x000000076b000000)
  object space 135680K, 24% used [0x00000006c1000000,0x00000006c30b7720,0x00000006c9480000)
 Metaspace       used 34381K, capacity 35434K, committed 35496K, reserved 1081344K
  class space    used 4310K, capacity 4595K, committed 4608K, reserved 1048576K
Event: 24.462 GC heap after
Heap after GC invocations=9 (full 2):
 PSYoungGen      total 286208K, used 0K [0x000000076b000000, 0x0000000787880000, 0x00000007c0000000)
  eden space 262144K, 0% used [0x000000076b000000,0x000000076b000000,0x000000077b000000)
  from space 24064K, 0% used [0x000000077b000000,0x000000077b000000,0x000000077c780000)
  to   space 23552K, 0% used [0x0000000786180000,0x0000000786180000,0x0000000787880000)
 ParOldGen       total 202752K, used 44450K [0x00000006c1000000, 0x00000006cd600000, 0x000000076b000000)
  object space 202752K, 21% used [0x00000006c1000000,0x00000006c3b68a50,0x00000006cd600000)
 Metaspace       used 34381K, capacity 35434K, committed 35496K, reserved 1081344K
  class space    used 4310K, capacity 4595K, committed 4608K, reserved 1048576K
}
Event: 31.325 GC heap before
{Heap before GC invocations=10 (full 2):
 PSYoungGen      total 286208K, used 262144K [0x000000076b000000, 0x0000000787880000, 0x00000007c0000000)
  eden space 262144K, 100% used [0x000000076b000000,0x000000077b000000,0x000000077b000000)
  from space 24064K, 0% used [0x000000077b000000,0x000000077b000000,0x000000077c780000)
  to   space 23552K, 0% used [0x0000000786180000,0x0000000786180000,0x0000000787880000)
 ParOldGen       total 202752K, used 44450K [0x00000006c1000000, 0x00000006cd600000, 0x000000076b000000)
  object space 202752K, 21% used [0x00000006c1000000,0x00000006c3b68a50,0x00000006cd600000)
 Metaspace       used 42785K, capacity 44324K, committed 44544K, reserved 1087488K
  class space    used 5448K, capacity 5808K, committed 5888K, reserved 1048576K
Event: 31.346 GC heap after
Heap after GC invocations=10 (full 2):
 PSYoungGen      total 365056K, used 18192K [0x000000076b000000, 0x0000000787380000, 0x00000007c0000000)
  eden space 346624K, 0% used [0x000000076b000000,0x000000076b000000,0x0000000780280000)
  from space 18432K, 98% used [0x0000000786180000,0x00000007873440f8,0x0000000787380000)
  to   space 23552K, 0% used [0x0000000784580000,0x0000000784580000,0x0000000785c80000)
 ParOldGen       total 202752K, used 44458K [0x00000006c1000000, 0x00000006cd600000, 0x000000076b000000)
  object space 202752K, 21% used [0x00000006c1000000,0x00000006c3b6aa50,0x00000006cd600000)
 Metaspace       used 42785K, capacity 44324K, committed 44544K, reserved 1087488K
  class space    used 5448K, capacity 5808K, committed 5888K, reserved 1048576K
}
Event: 37.519 GC heap before
{Heap before GC invocations=11 (full 2):
 PSYoungGen      total 365056K, used 364816K [0x000000076b000000, 0x0000000787380000, 0x00000007c0000000)
  eden space 346624K, 100% used [0x000000076b000000,0x0000000780280000,0x0000000780280000)
  from space 18432K, 98% used [0x0000000786180000,0x00000007873440f8,0x0000000787380000)
  to   space 23552K, 0% used [0x0000000784580000,0x0000000784580000,0x0000000785c80000)
 ParOldGen       total 202752K, used 44458K [0x00000006c1000000, 0x00000006cd600000, 0x000000076b000000)
  object space 202752K, 21% used [0x00000006c1000000,0x00000006c3b6aa50,0x00000006cd600000)
 Metaspace       used 54985K, capacity 57342K, committed 57600K, reserved 1099776K
  class space    used 7136K, capacity 7617K, committed 7680K, reserved 1048576K
Event: 37.540 GC heap after
Heap after GC invocations=11 (full 2):
 PSYoungGen      total 428544K, used 23536K [0x000000076b000000, 0x0000000787280000, 0x00000007c0000000)
  eden space 404992K, 0% used [0x000000076b000000,0x000000076b000000,0x0000000783b80000)
  from space 23552K, 99% used [0x0000000784580000,0x0000000785c7c350,0x0000000785c80000)
  to   space 22528K, 0% used [0x0000000785c80000,0x0000000785c80000,0x0000000787280000)
 ParOldGen       total 202752K, used 49004K [0x00000006c1000000, 0x00000006cd600000, 0x000000076b000000)
  object space 202752K, 24% used [0x00000006c1000000,0x00000006c3fdb040,0x00000006cd600000)
 Metaspace       used 54985K, capacity 57342K, committed 57600K, reserved 1099776K
  class space    used 7136K, capacity 7617K, committed 7680K, reserved 1048576K
}
Event: 38.198 GC heap before
{Heap before GC invocations=12 (full 2):
 PSYoungGen      total 428544K, used 100640K [0x000000076b000000, 0x0000000787280000, 0x00000007c0000000)
  eden space 404992K, 19% used [0x000000076b000000,0x000000076fb4be78,0x0000000783b80000)
  from space 23552K, 99% used [0x0000000784580000,0x0000000785c7c350,0x0000000785c80000)
  to   space 22528K, 0% used [0x0000000785c80000,0x0000000785c80000,0x0000000787280000)
 ParOldGen       total 202752K, used 49004K [0x00000006c1000000, 0x00000006cd600000, 0x000000076b000000)
  object space 202752K, 24% used [0x00000006c1000000,0x00000006c3fdb040,0x00000006cd600000)
 Metaspace       used 56553K, capacity 59066K, committed 59136K, reserved 1099776K
  class space    used 7362K, capacity 7873K, committed 7936K, reserved 1048576K
Event: 38.213 GC heap after
Heap after GC invocations=12 (full 2):
 PSYoungGen      total 432128K, used 22525K [0x000000076b000000, 0x000000078c400000, 0x00000007c0000000)
  eden space 409600K, 0% used [0x000000076b000000,0x000000076b000000,0x0000000784000000)
  from space 22528K, 99% used [0x0000000785c80000,0x000000078727f7d0,0x0000000787280000)
  to   space 29184K, 0% used [0x0000000784000000,0x0000000784000000,0x0000000785c80000)
 ParOldGen       total 202752K, used 49191K [0x00000006c1000000, 0x00000006cd600000, 0x000000076b000000)
  object space 202752K, 24% used [0x00000006c1000000,0x00000006c4009f60,0x00000006cd600000)
 Metaspace       used 56553K, capacity 59066K, committed 59136K, reserved 1099776K
  class space    used 7362K, capacity 7873K, committed 7936K, reserved 1048576K
}
Event: 38.213 GC heap before
{Heap before GC invocations=13 (full 3):
 PSYoungGen      total 432128K, used 22525K [0x000000076b000000, 0x000000078c400000, 0x00000007c0000000)
  eden space 409600K, 0% used [0x000000076b000000,0x000000076b000000,0x0000000784000000)
  from space 22528K, 99% used [0x0000000785c80000,0x000000078727f7d0,0x0000000787280000)
  to   space 29184K, 0% used [0x0000000784000000,0x0000000784000000,0x0000000785c80000)
 ParOldGen       total 202752K, used 49191K [0x00000006c1000000, 0x00000006cd600000, 0x000000076b000000)
  object space 202752K, 24% used [0x00000006c1000000,0x00000006c4009f60,0x00000006cd600000)
 Metaspace       used 56553K, capacity 59066K, committed 59136K, reserved 1099776K
  class space    used 7362K, capacity 7873K, committed 7936K, reserved 1048576K
Event: 38.364 GC heap after
Heap after GC invocations=13 (full 3):
 PSYoungGen      total 432128K, used 0K [0x000000076b000000, 0x000000078c400000, 0x00000007c0000000)
  eden space 409600K, 0% used [0x000000076b000000,0x000000076b000000,0x0000000784000000)
  from space 22528K, 0% used [0x0000000785c80000,0x0000000785c80000,0x0000000787280000)
  to   space 29184K, 0% used [0x0000000784000000,0x0000000784000000,0x0000000785c80000)
 ParOldGen       total 202752K, used 56800K [0x00000006c1000000, 0x00000006cd600000, 0x000000076b000000)
  object space 202752K, 28% used [0x00000006c1000000,0x00000006c4778360,0x00000006cd600000)
 Metaspace       used 56553K, capacity 59066K, committed 59136K, reserved 1099776K
  class space    used 7362K, capacity 7873K, committed 7936K, reserved 1048576K
}

